# JRE version: OpenJDK Runtime Environment (8.0_202-b03) (build 1.8.0_202-release-1483-b03)
# Java VM: OpenJDK 64-Bit Server VM (25.202-b03 mixed mode windows-amd64 compressed oops)
Heap:
 PSYoungGen      total 416256K, used 237398K [0x00000000e0000000, 0x00000000ff500000, 0x0000000100000000)
  eden space 329728K, 66% used [0x00000000e0000000,0x00000000ed65afe8,0x00000000f4200000)
  from space 86528K, 20% used [0x00000000fa080000,0x00000000fb1faad0,0x00000000ff500000)
  to   space 91648K, 0% used [0x00000000f4200000,0x00000000f4200000,0x00000000f9b80000)
 ParOldGen       total 380928K, used 110874K [0x00000000a0000000, 0x00000000b7400000, 0x00000000e0000000)
  object space 380928K, 29% used [0x00000000a0000000,0x00000000a6c46b98,0x00000000b7400000)
 Metaspace       used 124277K, capacity 133482K, committed 144664K, reserved 1175552K
  class space    used 15306K, capacity 17337K, committed 18712K, reserved 1048576K
GC Heap History (10 events):
Event: 13182.216 GC heap before
{Heap before GC invocations=137 (full 12):
 PSYoungGen      total 413696K, used 315001K [0x00000000e0000000, 0x0000000100000000, 0x0000000100000000)
  eden space 314880K, 99% used [0x00000000e0000000,0x00000000f337e770,0x00000000f3380000)
  from space 98816K, 0% used [0x00000000f9600000,0x00000000f9620000,0x00000000ff680000)
  to   space 100864K, 0% used [0x00000000f3380000,0x00000000f3380000,0x00000000f9600000)
 ParOldGen       total 442368K, used 379104K [0x00000000a0000000, 0x00000000bb000000, 0x00000000e0000000)
  object space 442368K, 85% used [0x00000000a0000000,0x00000000b7238078,0x00000000bb000000)
 Metaspace       used 124928K, capacity 134234K, committed 143128K, reserved 1173504K
  class space    used 15296K, capacity 17371K, committed 18456K, reserved 1048576K
Event: 13182.223 GC heap after
Heap after GC invocations=137 (full 12):
 PSYoungGen      total 415744K, used 2025K [0x00000000e0000000, 0x0000000100000000, 0x0000000100000000)
  eden space 314880K, 0% used [0x00000000e0000000,0x00000000e0000000,0x00000000f3380000)
  from space 100864K, 2% used [0x00000000f3380000,0x00000000f357a708,0x00000000f9600000)
  to   space 101376K, 0% used [0x00000000f9d00000,0x00000000f9d00000,0x0000000100000000)
 ParOldGen       total 442368K, used 379176K [0x00000000a0000000, 0x00000000bb000000, 0x00000000e0000000)
  object space 442368K, 85% used [0x00000000a0000000,0x00000000b724a078,0x00000000bb000000)
 Metaspace       used 124928K, capacity 134234K, committed 143128K, reserved 1173504K
  class space    used 15296K, capacity 17371K, committed 18456K, reserved 1048576K
}
Event: 17740.571 GC heap before
{Heap before GC invocations=138 (full 12):
 PSYoungGen      total 415744K, used 316905K [0x00000000e0000000, 0x0000000100000000, 0x0000000100000000)
  eden space 314880K, 100% used [0x00000000e0000000,0x00000000f3380000,0x00000000f3380000)
  from space 100864K, 2% used [0x00000000f3380000,0x00000000f357a708,0x00000000f9600000)
  to   space 101376K, 0% used [0x00000000f9d00000,0x00000000f9d00000,0x0000000100000000)
 ParOldGen       total 442368K, used 379176K [0x00000000a0000000, 0x00000000bb000000, 0x00000000e0000000)
  object space 442368K, 85% used [0x00000000a0000000,0x00000000b724a078,0x00000000bb000000)
 Metaspace       used 125631K, capacity 135458K, committed 143384K, reserved 1173504K
  class space    used 15428K, capacity 17687K, committed 18456K, reserved 1048576K
Event: 17740.594 GC heap after
Heap after GC invocations=138 (full 12):
 PSYoungGen      total 417792K, used 13392K [0x00000000e0000000, 0x00000000ffa80000, 0x0000000100000000)
  eden space 322048K, 0% used [0x00000000e0000000,0x00000000e0000000,0x00000000f3a80000)
  from space 95744K, 13% used [0x00000000f9d00000,0x00000000faa14010,0x00000000ffa80000)
  to   space 98304K, 0% used [0x00000000f3a80000,0x00000000f3a80000,0x00000000f9a80000)
 ParOldGen       total 442368K, used 380687K [0x00000000a0000000, 0x00000000bb000000, 0x00000000e0000000)
  object space 442368K, 86% used [0x00000000a0000000,0x00000000b73c3e70,0x00000000bb000000)
 Metaspace       used 125631K, capacity 135458K, committed 143384K, reserved 1173504K
  class space    used 15428K, capacity 17687K, committed 18456K, reserved 1048576K
}
Event: 17756.546 GC heap before
{Heap before GC invocations=139 (full 12):
 PSYoungGen      total 417792K, used 335440K [0x00000000e0000000, 0x00000000ffa80000, 0x0000000100000000)
  eden space 322048K, 100% used [0x00000000e0000000,0x00000000f3a80000,0x00000000f3a80000)
  from space 95744K, 13% used [0x00000000f9d00000,0x00000000faa14010,0x00000000ffa80000)
  to   space 98304K, 0% used [0x00000000f3a80000,0x00000000f3a80000,0x00000000f9a80000)
 ParOldGen       total 442368K, used 380687K [0x00000000a0000000, 0x00000000bb000000, 0x00000000e0000000)
  object space 442368K, 86% used [0x00000000a0000000,0x00000000b73c3e70,0x00000000bb000000)
 Metaspace       used 126273K, capacity 136676K, committed 144664K, reserved 1175552K
  class space    used 15520K, capacity 17856K, committed 18712K, reserved 1048576K
Event: 17756.582 GC heap after
Heap after GC invocations=139 (full 12):
 PSYoungGen      total 420352K, used 9456K [0x00000000e0000000, 0x00000000ffe80000, 0x0000000100000000)
  eden space 322048K, 0% used [0x00000000e0000000,0x00000000e0000000,0x00000000f3a80000)
  from space 98304K, 9% used [0x00000000f3a80000,0x00000000f43bc010,0x00000000f9a80000)
  to   space 96256K, 0% used [0x00000000fa080000,0x00000000fa080000,0x00000000ffe80000)
 ParOldGen       total 442368K, used 390861K [0x00000000a0000000, 0x00000000bb000000, 0x00000000e0000000)
  object space 442368K, 88% used [0x00000000a0000000,0x00000000b7db36c8,0x00000000bb000000)
 Metaspace       used 126273K, capacity 136676K, committed 144664K, reserved 1175552K
  class space    used 15520K, capacity 17856K, committed 18712K, reserved 1048576K
}
Event: 17756.583 GC heap before
{Heap before GC invocations=140 (full 13):
 PSYoungGen      total 420352K, used 9456K [0x00000000e0000000, 0x00000000ffe80000, 0x0000000100000000)
  eden space 322048K, 0% used [0x00000000e0000000,0x00000000e0000000,0x00000000f3a80000)
  from space 98304K, 9% used [0x00000000f3a80000,0x00000000f43bc010,0x00000000f9a80000)
  to   space 96256K, 0% used [0x00000000fa080000,0x00000000fa080000,0x00000000ffe80000)
 ParOldGen       total 442368K, used 390861K [0x00000000a0000000, 0x00000000bb000000, 0x00000000e0000000)
  object space 442368K, 88% used [0x00000000a0000000,0x00000000b7db36c8,0x00000000bb000000)
 Metaspace       used 126273K, capacity 136676K, committed 144664K, reserved 1175552K
  class space    used 15520K, capacity 17856K, committed 18712K, reserved 1048576K
Event: 17757.432 GC heap after
Heap after GC invocations=140 (full 13):
 PSYoungGen      total 420352K, used 0K [0x00000000e0000000, 0x00000000ffe80000, 0x0000000100000000)
  eden space 322048K, 0% used [0x00000000e0000000,0x00000000e0000000,0x00000000f3a80000)
  from space 98304K, 0% used [0x00000000f3a80000,0x00000000f3a80000,0x00000000f9a80000)
  to   space 96256K, 0% used [0x00000000fa080000,0x00000000fa080000,0x00000000ffe80000)
 ParOldGen       total 380928K, used 110874K [0x00000000a0000000, 0x00000000b7400000, 0x00000000e0000000)
  object space 380928K, 29% used [0x00000000a0000000,0x00000000a6c46b98,0x00000000b7400000)
 Metaspace       used 121969K, capacity 130826K, committed 144664K, reserved 1175552K
  class space    used 14999K, capacity 16969K, committed 18712K, reserved 1048576K
}
Event: 18733.984 GC heap before
{Heap before GC invocations=141 (full 13):
 PSYoungGen      total 420352K, used 322048K [0x00000000e0000000, 0x00000000ffe80000, 0x0000000100000000)
  eden space 322048K, 100% used [0x00000000e0000000,0x00000000f3a80000,0x00000000f3a80000)
  from space 98304K, 0% used [0x00000000f3a80000,0x00000000f3a80000,0x00000000f9a80000)
  to   space 96256K, 0% used [0x00000000fa080000,0x00000000fa080000,0x00000000ffe80000)
 ParOldGen       total 380928K, used 110874K [0x00000000a0000000, 0x00000000b7400000, 0x00000000e0000000)
  object space 380928K, 29% used [0x00000000a0000000,0x00000000a6c46b98,0x00000000b7400000)
 Metaspace       used 122466K, capacity 131544K, committed 144664K, reserved 1175552K
  class space    used 15074K, capacity 17094K, committed 18712K, reserved 1048576K
Event: 18734.015 GC heap after
Heap after GC invocations=141 (full 13):
 PSYoungGen      total 416256K, used 17898K [0x00000000e0000000, 0x00000000ff500000, 0x0000000100000000)
  eden space 329728K, 0% used [0x00000000e0000000,0x00000000e0000000,0x00000000f4200000)
  from space 86528K, 20% used [0x00000000fa080000,0x00000000fb1faad0,0x00000000ff500000)
  to   space 91648K, 0% used [0x00000000f4200000,0x00000000f4200000,0x00000000f9b80000)
 ParOldGen       total 380928K, used 110874K [0x00000000a0000000, 0x00000000b7400000, 0x00000000e0000000)
  object space 380928K, 29% used [0x00000000a0000000,0x00000000a6c46b98,0x00000000b7400000)
 Metaspace       used 122466K, capacity 131544K, committed 144664K, reserved 1175552K
  class space    used 15074K, capacity 17094K, committed 18712K, reserved 1048576K
}

